Using pre-set license
Built from '2020.3/staging' branch; Version is '2020.3.17f1 (a4537701e4ab) revision 10769271'; Using compiler version '192528614'; Build Type 'Release'
OS: 'Windows 10 Pro; OS build 19043.1466; Version 2009; 64bit' Language: 'en' Physical Memory: 16342 MB
BatchMode: 1, IsHumanControllingUs: 0, StartBugReporterOnCrash: 0, Is64bit: 1, IsPro: 0

COMMAND LINE ARGUMENTS:
C:\Program Files\Unity\Hub\Editor\2020.3.17f1\Editor\Unity.exe
-adb2
-batchMode
-noUpm
-name
AssetImportWorker0
-projectPath
C:/Users/conno/OneDrive/Desktop/IM289/GroupProject/Github/Constellation-Exploration
-logFile
Logs/AssetImportWorker0.log
-srvPort
59369
Successfully changed project path to: C:/Users/conno/OneDrive/Desktop/IM289/GroupProject/Github/Constellation-Exploration
C:/Users/conno/OneDrive/Desktop/IM289/GroupProject/Github/Constellation-Exploration
Using Asset Import Pipeline V2.
Refreshing native plugins compatible for Editor in 137.42 ms, found 15 plugins.
Preloading 2 native plugins for Editor in 2.67 ms.
Initialize engine version: 2020.3.17f1 (a4537701e4ab)
[Subsystems] Discovering subsystems at path C:/Program Files/Unity/Hub/Editor/2020.3.17f1/Editor/Data/Resources/UnitySubsystems
[Subsystems] Discovering subsystems at path C:/Users/conno/OneDrive/Desktop/IM289/GroupProject/Github/Constellation-Exploration/Assets
GfxDevice: creating device client; threaded=0
Direct3D:
    Version:  Direct3D 11.0 [level 11.1]
    Renderer: NVIDIA GeForce GTX 1080 with Max-Q Design (ID=0x1be0)
    Vendor:   
    VRAM:     8079 MB
    Driver:   30.0.14.9729
Initialize mono
Mono path[0] = 'C:/Program Files/Unity/Hub/Editor/2020.3.17f1/Editor/Data/Managed'
Mono path[1] = 'C:/Program Files/Unity/Hub/Editor/2020.3.17f1/Editor/Data/MonoBleedingEdge/lib/mono/unityjit'
Mono config path = 'C:/Program Files/Unity/Hub/Editor/2020.3.17f1/Editor/Data/MonoBleedingEdge/etc'
Using monoOptions --debugger-agent=transport=dt_socket,embedding=1,server=y,suspend=n,address=127.0.0.1:56464
Begin MonoManager ReloadAssembly
Registering precompiled unity dll's ...
Register platform support module: C:/Program Files/Unity/Hub/Editor/2020.3.17f1/Editor/Data/PlaybackEngines/MacStandaloneSupport/UnityEditor.OSXStandalone.Extensions.dll
Register platform support module: C:/Program Files/Unity/Hub/Editor/2020.3.17f1/Editor/Data/PlaybackEngines/WindowsStandaloneSupport/UnityEditor.WindowsStandalone.Extensions.dll
Registered in 0.003929 seconds.
Native extension for WindowsStandalone target not found
Native extension for OSXStandalone target not found
Refreshing native plugins compatible for Editor in 112.96 ms, found 15 plugins.
Preloading 2 native plugins for Editor in 0.16 ms.
Mono: successfully reloaded assembly
- Completed reload, in  1.634 seconds
Domain Reload Profiling:
	ReloadAssembly (1634ms)
		BeginReloadAssembly (87ms)
			ExecutionOrderSort (0ms)
			DisableScriptedObjects (0ms)
			BackupInstance (0ms)
			ReleaseScriptingObjects (0ms)
			CreateAndSetChildDomain (1ms)
		EndReloadAssembly (653ms)
			LoadAssemblies (84ms)
			RebuildTransferFunctionScriptingTraits (0ms)
			SetupTypeCache (209ms)
			ReleaseScriptCaches (0ms)
			RebuildScriptCaches (47ms)
			SetupLoadedEditorAssemblies (294ms)
				LogAssemblyErrors (0ms)
				InitializePlatformSupportModulesInManaged (6ms)
				SetLoadedEditorAssemblies (0ms)
				RefreshPlugins (113ms)
				BeforeProcessingInitializeOnLoad (22ms)
				ProcessInitializeOnLoadAttributes (116ms)
				ProcessInitializeOnLoadMethodAttributes (37ms)
				AfterProcessingInitializeOnLoad (0ms)
				EditorAssembliesLoaded (0ms)
			ExecutionOrderSort2 (0ms)
			AwakeInstancesAfterBackupRestoration (0ms)
Platform modules already initialized, skipping
Registering precompiled user dll's ...
Registered in 0.014080 seconds.
Begin MonoManager ReloadAssembly
Native extension for WindowsStandalone target not found
Native extension for OSXStandalone target not found
Refreshing native plugins compatible for Editor in 103.50 ms, found 15 plugins.
Preloading 2 native plugins for Editor in 0.21 ms.
[XR] OculusXRPlugin: registering subsystems
[XR] Unable to register display lifecyle provider: [1]
[XR] Oculus Input lifecycle provider registered.
[XR] Unable to register input lifecyle provider: [1]
System.Reflection.TargetInvocationException: Exception has been thrown by the target of an invocation. ---> System.NullReferenceException: Object reference not set to an instance of an object
  at Unity.XR.Oculus.OculusLoader.AssetPathToAbsolutePath (System.String assetPath) [0x00048] in C:\Users\conno\OneDrive\Desktop\IM289\GroupProject\Github\Constellation-Exploration\Library\PackageCache\com.unity.xr.oculus@1.10.0\Runtime\OculusLoader.cs:250 
  at Unity.XR.Oculus.OculusLoader.EditorLoadOVRPlugin () [0x0007b] in C:\Users\conno\OneDrive\Desktop\IM289\GroupProject\Github\Constellation-Exploration\Library\PackageCache\com.unity.xr.oculus@1.10.0\Runtime\OculusLoader.cs:235 
  at (wrapper managed-to-native) System.Reflection.MonoMethod.InternalInvoke(System.Reflection.MonoMethod,object,object[],System.Exception&)
  at System.Reflection.MonoMethod.Invoke (System.Object obj, System.Reflection.BindingFlags invokeAttr, System.Reflection.Binder binder, System.Object[] parameters, System.Globalization.CultureInfo culture) [0x00032] in <695d1cc93cca45069c528c15c9fdd749>:0 
   --- End of inner exception stack trace ---
  at System.Reflection.MonoMethod.Invoke (System.Object obj, System.Reflection.BindingFlags invokeAttr, System.Reflection.Binder binder, System.Object[] parameters, System.Globalization.CultureInfo culture) [0x00048] in <695d1cc93cca45069c528c15c9fdd749>:0 
  at System.Reflection.MethodBase.Invoke (System.Object obj, System.Object[] parameters) [0x00000] in <695d1cc93cca45069c528c15c9fdd749>:0 
  at UnityEditor.EditorAssemblies.ProcessInitializeOnLoadMethodAttributes () [0x00047] in <d0e4b8c1204147f3935b6e9c8b8565ad>:0 
UnityEngine.StackTraceUtility:ExtractStackTrace ()
UnityEngine.DebugLogHandler:LogFormat (UnityEngine.LogType,UnityEngine.Object,string,object[])
UnityEngine.Logger:Log (UnityEngine.LogType,object)
UnityEngine.Debug:LogError (object)
UnityEditor.EditorAssemblies:ProcessInitializeOnLoadMethodAttributes ()

Mono: successfully reloaded assembly
- Completed reload, in  2.269 seconds
Domain Reload Profiling:
	ReloadAssembly (2270ms)
		BeginReloadAssembly (182ms)
			ExecutionOrderSort (0ms)
			DisableScriptedObjects (6ms)
			BackupInstance (0ms)
			ReleaseScriptingObjects (0ms)
			CreateAndSetChildDomain (22ms)
		EndReloadAssembly (2015ms)
			LoadAssemblies (120ms)
			RebuildTransferFunctionScriptingTraits (0ms)
			SetupTypeCache (413ms)
			ReleaseScriptCaches (1ms)
			RebuildScriptCaches (74ms)
			SetupLoadedEditorAssemblies (1239ms)
				LogAssemblyErrors (0ms)
				InitializePlatformSupportModulesInManaged (5ms)
				SetLoadedEditorAssemblies (0ms)
				RefreshPlugins (104ms)
				BeforeProcessingInitializeOnLoad (155ms)
				ProcessInitializeOnLoadAttributes (942ms)
				ProcessInitializeOnLoadMethodAttributes (25ms)
				AfterProcessingInitializeOnLoad (8ms)
				EditorAssembliesLoaded (0ms)
			ExecutionOrderSort2 (0ms)
			AwakeInstancesAfterBackupRestoration (6ms)
Platform modules already initialized, skipping
========================================================================
Worker process is ready to serve import requests
Launched and connected shader compiler UnityShaderCompiler.exe after 0.09 seconds
Refreshing native plugins compatible for Editor in 1.15 ms, found 15 plugins.
Preloading 2 native plugins for Editor in 0.19 ms.
Unloading 4324 Unused Serialized files (Serialized files now loaded: 0)
System memory in use before: 192.9 MB.
System memory in use after: 193.1 MB.

Unloading 47 unused Assets to reduce memory usage. Loaded Objects now: 4763.
Total: 6.735800 ms (FindLiveObjects: 0.498000 ms CreateObjectMapping: 0.314500 ms MarkObjects: 5.667500 ms  DeleteObjects: 0.254300 ms)

AssetImportParameters requested are different than current active one (requested -> active):
  custom:framework-win-MediaFoundation: 216162199b28c13a410421893ffa2e32 -> 
  custom:video-decoder-ogg-theora: a1e56fd34408186e4bbccfd4996cb3dc -> 
  custom:container-muxer-webm: aa71ff27fc2769a1b78a27578f13a17b -> 
  custom:container-demuxer-webm: 4f35f7cbe854078d1ac9338744f61a02 -> 
  custom:container-demuxer-ogg: 62fdf1f143b41e24485cea50d1cbac27 -> 
  custom:video-encoder-webm-vp8: eb34c28f22e8b96e1ab97ce403110664 -> 
  custom:video-decoder-webm-vp8: 9c59270c3fd7afecdb556c50c9e8de78 -> 
  custom:audio-decoder-ogg-vorbis: bf7c407c2cedff20999df2af8eb42d56 -> 
  custom:audio-encoder-webm-vorbis: bf7c407c2cedff20999df2af8eb42d56 -> 
========================================================================
Received Import Request.
  path: Assets/Scenes/ConnorTestScene.unity
  artifactKey: Guid(258ec2999f7132a42b5a0315a567e1ad) Importer(815301076,1909f56bfc062723c751e8b465ee728b)
Start importing Assets/Scenes/ConnorTestScene.unity using Guid(258ec2999f7132a42b5a0315a567e1ad) Importer(815301076,1909f56bfc062723c751e8b465ee728b)  -> (artifact id: 'e42d92329420c75606c18161f35cd908') in 0.031511 seconds 
  Import took 0.042041 seconds .

========================================================================
Received Import Request.
  Time since last request: 190.590773 seconds.
  path: Assets/Resources/Genral Materials/Terr_GrassTransColor.png
  artifactKey: Guid(f8e4b307fce411f43a8904d5b07dcfef) Importer(815301076,1909f56bfc062723c751e8b465ee728b)
Start importing Assets/Resources/Genral Materials/Terr_GrassTransColor.png using Guid(f8e4b307fce411f43a8904d5b07dcfef) Importer(815301076,1909f56bfc062723c751e8b465ee728b)  -> (artifact id: 'dc84530a06d71d0a6b58a090a0612a07') in 0.128046 seconds 
  Import took 0.136972 seconds .

========================================================================
Received Import Request.
  Time since last request: 32.174174 seconds.
  path: Assets/Resources/Genral Materials/New Terrain Material.mat
  artifactKey: Guid(4bc5ca5639a039f42b3f1f88de0b4117) Importer(815301076,1909f56bfc062723c751e8b465ee728b)
Start importing Assets/Resources/Genral Materials/New Terrain Material.mat using Guid(4bc5ca5639a039f42b3f1f88de0b4117) Importer(815301076,1909f56bfc062723c751e8b465ee728b)  -> (artifact id: 'eadf965413fb7f73ecaa98e6e175d044') in 0.207253 seconds 
  Import took 0.214825 seconds .

========================================================================
Received Import Request.
  Time since last request: 33.383935 seconds.
  path: Assets/Resources/Genral Materials/Terr_Ground.mat
  artifactKey: Guid(4a381bb1687eaeb4ca8457d77276df63) Importer(815301076,1909f56bfc062723c751e8b465ee728b)
Start importing Assets/Resources/Genral Materials/Terr_Ground.mat using Guid(4a381bb1687eaeb4ca8457d77276df63) Importer(815301076,1909f56bfc062723c751e8b465ee728b)  -> (artifact id: '3816d61e00d1d64f98c5265edd5d6d12') in 0.021991 seconds 
  Import took 0.030714 seconds .

========================================================================
Received Prepare
Registering precompiled user dll's ...
Registered in 1.073846 seconds.
Begin MonoManager ReloadAssembly
Native extension for WindowsStandalone target not found
Native extension for OSXStandalone target not found
Refreshing native plugins compatible for Editor in 1.17 ms, found 15 plugins.
Preloading 2 native plugins for Editor in 0.18 ms.
System.Reflection.TargetInvocationException: Exception has been thrown by the target of an invocation. ---> System.NullReferenceException: Object reference not set to an instance of an object
  at Unity.XR.Oculus.OculusLoader.AssetPathToAbsolutePath (System.String assetPath) [0x00048] in C:\Users\conno\OneDrive\Desktop\IM289\GroupProject\Github\Constellation-Exploration\Library\PackageCache\com.unity.xr.oculus@1.10.0\Runtime\OculusLoader.cs:250 
  at Unity.XR.Oculus.OculusLoader.EditorLoadOVRPlugin () [0x0007b] in C:\Users\conno\OneDrive\Desktop\IM289\GroupProject\Github\Constellation-Exploration\Library\PackageCache\com.unity.xr.oculus@1.10.0\Runtime\OculusLoader.cs:235 
  at (wrapper managed-to-native) System.Reflection.MonoMethod.InternalInvoke(System.Reflection.MonoMethod,object,object[],System.Exception&)
  at System.Reflection.MonoMethod.Invoke (System.Object obj, System.Reflection.BindingFlags invokeAttr, System.Reflection.Binder binder, System.Object[] parameters, System.Globalization.CultureInfo culture) [0x00032] in <695d1cc93cca45069c528c15c9fdd749>:0 
   --- End of inner exception stack trace ---
  at System.Reflection.MonoMethod.Invoke (System.Object obj, System.Reflection.BindingFlags invokeAttr, System.Reflection.Binder binder, System.Object[] parameters, System.Globalization.CultureInfo culture) [0x00048] in <695d1cc93cca45069c528c15c9fdd749>:0 
  at System.Reflection.MethodBase.Invoke (System.Object obj, System.Object[] parameters) [0x00000] in <695d1cc93cca45069c528c15c9fdd749>:0 
  at UnityEditor.EditorAssemblies.ProcessInitializeOnLoadMethodAttributes () [0x00047] in <d0e4b8c1204147f3935b6e9c8b8565ad>:0 
UnityEngine.StackTraceUtility:ExtractStackTrace ()
UnityEngine.DebugLogHandler:LogFormat (UnityEngine.LogType,UnityEngine.Object,string,object[])
UnityEngine.Logger:Log (UnityEngine.LogType,object)
UnityEngine.Debug:LogError (object)
UnityEditor.EditorAssemblies:ProcessInitializeOnLoadMethodAttributes ()

Mono: successfully reloaded assembly
- Completed reload, in  2.015 seconds
Domain Reload Profiling:
	ReloadAssembly (2015ms)
		BeginReloadAssembly (178ms)
			ExecutionOrderSort (0ms)
			DisableScriptedObjects (8ms)
			BackupInstance (0ms)
			ReleaseScriptingObjects (0ms)
			CreateAndSetChildDomain (58ms)
		EndReloadAssembly (1763ms)
			LoadAssemblies (121ms)
			RebuildTransferFunctionScriptingTraits (0ms)
			SetupTypeCache (398ms)
			ReleaseScriptCaches (1ms)
			RebuildScriptCaches (57ms)
			SetupLoadedEditorAssemblies (965ms)
				LogAssemblyErrors (0ms)
				InitializePlatformSupportModulesInManaged (6ms)
				SetLoadedEditorAssemblies (1ms)
				RefreshPlugins (1ms)
				BeforeProcessingInitializeOnLoad (130ms)
				ProcessInitializeOnLoadAttributes (801ms)
				ProcessInitializeOnLoadMethodAttributes (18ms)
				AfterProcessingInitializeOnLoad (8ms)
				EditorAssembliesLoaded (0ms)
			ExecutionOrderSort2 (0ms)
			AwakeInstancesAfterBackupRestoration (24ms)
Platform modules already initialized, skipping
Refreshing native plugins compatible for Editor in 1.37 ms, found 15 plugins.
Preloading 2 native plugins for Editor in 0.17 ms.
Unloading 4094 Unused Serialized files (Serialized files now loaded: 0)
System memory in use before: 181.6 MB.
System memory in use after: 181.8 MB.

Unloading 28 unused Assets to reduce memory usage. Loaded Objects now: 4846.
Total: 5.032200 ms (FindLiveObjects: 0.428300 ms CreateObjectMapping: 0.262400 ms MarkObjects: 4.140300 ms  DeleteObjects: 0.199700 ms)

AssetImportParameters requested are different than current active one (requested -> active):
  custom:framework-win-MediaFoundation: 216162199b28c13a410421893ffa2e32 -> 
  custom:video-decoder-ogg-theora: a1e56fd34408186e4bbccfd4996cb3dc -> 
  custom:container-muxer-webm: aa71ff27fc2769a1b78a27578f13a17b -> 
  custom:container-demuxer-webm: 4f35f7cbe854078d1ac9338744f61a02 -> 
  custom:container-demuxer-ogg: 62fdf1f143b41e24485cea50d1cbac27 -> 
  custom:video-encoder-webm-vp8: eb34c28f22e8b96e1ab97ce403110664 -> 
  custom:video-decoder-webm-vp8: 9c59270c3fd7afecdb556c50c9e8de78 -> 
  custom:audio-decoder-ogg-vorbis: bf7c407c2cedff20999df2af8eb42d56 -> 
  custom:audio-encoder-webm-vorbis: bf7c407c2cedff20999df2af8eb42d56 -> 
========================================================================
Received Import Request.
  Time since last request: 633.353337 seconds.
  path: Assets/Resources/Genral Materials/Terr_Ground.mat
  artifactKey: Guid(4a381bb1687eaeb4ca8457d77276df63) Importer(815301076,1909f56bfc062723c751e8b465ee728b)
Start importing Assets/Resources/Genral Materials/Terr_Ground.mat using Guid(4a381bb1687eaeb4ca8457d77276df63) Importer(815301076,1909f56bfc062723c751e8b465ee728b)  -> (artifact id: '6451254a44d9b10fbe1c68cbe541845f') in 0.222823 seconds 
  Import took 0.232287 seconds .

========================================================================
Received Import Request.
  Time since last request: 1.461237 seconds.
  path: Assets/Resources/Genral Materials/Terr_Ground.mat
  artifactKey: Guid(4a381bb1687eaeb4ca8457d77276df63) Importer(815301076,1909f56bfc062723c751e8b465ee728b)
Start importing Assets/Resources/Genral Materials/Terr_Ground.mat using Guid(4a381bb1687eaeb4ca8457d77276df63) Importer(815301076,1909f56bfc062723c751e8b465ee728b)  -> (artifact id: '6451254a44d9b10fbe1c68cbe541845f') in 0.019689 seconds 
  Import took 0.029185 seconds .

========================================================================
Received Prepare
Registering precompiled user dll's ...
Registered in 0.011813 seconds.
Begin MonoManager ReloadAssembly
Native extension for WindowsStandalone target not found
Native extension for OSXStandalone target not found
Refreshing native plugins compatible for Editor in 1.35 ms, found 15 plugins.
Preloading 2 native plugins for Editor in 0.19 ms.
System.Reflection.TargetInvocationException: Exception has been thrown by the target of an invocation. ---> System.NullReferenceException: Object reference not set to an instance of an object
  at Unity.XR.Oculus.OculusLoader.AssetPathToAbsolutePath (System.String assetPath) [0x00048] in C:\Users\conno\OneDrive\Desktop\IM289\GroupProject\Github\Constellation-Exploration\Library\PackageCache\com.unity.xr.oculus@1.10.0\Runtime\OculusLoader.cs:250 
  at Unity.XR.Oculus.OculusLoader.EditorLoadOVRPlugin () [0x0007b] in C:\Users\conno\OneDrive\Desktop\IM289\GroupProject\Github\Constellation-Exploration\Library\PackageCache\com.unity.xr.oculus@1.10.0\Runtime\OculusLoader.cs:235 
  at (wrapper managed-to-native) System.Reflection.MonoMethod.InternalInvoke(System.Reflection.MonoMethod,object,object[],System.Exception&)
  at System.Reflection.MonoMethod.Invoke (System.Object obj, System.Reflection.BindingFlags invokeAttr, System.Reflection.Binder binder, System.Object[] parameters, System.Globalization.CultureInfo culture) [0x00032] in <695d1cc93cca45069c528c15c9fdd749>:0 
   --- End of inner exception stack trace ---
  at System.Reflection.MonoMethod.Invoke (System.Object obj, System.Reflection.BindingFlags invokeAttr, System.Reflection.Binder binder, System.Object[] parameters, System.Globalization.CultureInfo culture) [0x00048] in <695d1cc93cca45069c528c15c9fdd749>:0 
  at System.Reflection.MethodBase.Invoke (System.Object obj, System.Object[] parameters) [0x00000] in <695d1cc93cca45069c528c15c9fdd749>:0 
  at UnityEditor.EditorAssemblies.ProcessInitializeOnLoadMethodAttributes () [0x00047] in <d0e4b8c1204147f3935b6e9c8b8565ad>:0 
UnityEngine.StackTraceUtility:ExtractStackTrace ()
UnityEngine.DebugLogHandler:LogFormat (UnityEngine.LogType,UnityEngine.Object,string,object[])
UnityEngine.Logger:Log (UnityEngine.LogType,object)
UnityEngine.Debug:LogError (object)
UnityEditor.EditorAssemblies:ProcessInitializeOnLoadMethodAttributes ()

Mono: successfully reloaded assembly
- Completed reload, in  1.911 seconds
Domain Reload Profiling:
	ReloadAssembly (1911ms)
		BeginReloadAssembly (143ms)
			ExecutionOrderSort (0ms)
			DisableScriptedObjects (7ms)
			BackupInstance (0ms)
			ReleaseScriptingObjects (0ms)
			CreateAndSetChildDomain (58ms)
		EndReloadAssembly (1693ms)
			LoadAssemblies (110ms)
			RebuildTransferFunctionScriptingTraits (0ms)
			SetupTypeCache (380ms)
			ReleaseScriptCaches (2ms)
			RebuildScriptCaches (57ms)
			SetupLoadedEditorAssemblies (961ms)
				LogAssemblyErrors (0ms)
				InitializePlatformSupportModulesInManaged (5ms)
				SetLoadedEditorAssemblies (1ms)
				RefreshPlugins (2ms)
				BeforeProcessingInitializeOnLoad (130ms)
				ProcessInitializeOnLoadAttributes (801ms)
				ProcessInitializeOnLoadMethodAttributes (15ms)
				AfterProcessingInitializeOnLoad (8ms)
				EditorAssembliesLoaded (0ms)
			ExecutionOrderSort2 (0ms)
			AwakeInstancesAfterBackupRestoration (18ms)
Platform modules already initialized, skipping
Refreshing native plugins compatible for Editor in 1.33 ms, found 15 plugins.
Preloading 2 native plugins for Editor in 0.20 ms.
Unloading 4094 Unused Serialized files (Serialized files now loaded: 0)
System memory in use before: 181.8 MB.
System memory in use after: 182.0 MB.

Unloading 28 unused Assets to reduce memory usage. Loaded Objects now: 4885.
Total: 4.549500 ms (FindLiveObjects: 0.379700 ms CreateObjectMapping: 0.185100 ms MarkObjects: 3.789200 ms  DeleteObjects: 0.194500 ms)

AssetImportParameters requested are different than current active one (requested -> active):
  custom:framework-win-MediaFoundation: 216162199b28c13a410421893ffa2e32 -> 
  custom:video-decoder-ogg-theora: a1e56fd34408186e4bbccfd4996cb3dc -> 
  custom:container-muxer-webm: aa71ff27fc2769a1b78a27578f13a17b -> 
  custom:container-demuxer-webm: 4f35f7cbe854078d1ac9338744f61a02 -> 
  custom:container-demuxer-ogg: 62fdf1f143b41e24485cea50d1cbac27 -> 
  custom:video-encoder-webm-vp8: eb34c28f22e8b96e1ab97ce403110664 -> 
  custom:video-decoder-webm-vp8: 9c59270c3fd7afecdb556c50c9e8de78 -> 
  custom:audio-decoder-ogg-vorbis: bf7c407c2cedff20999df2af8eb42d56 -> 
  custom:audio-encoder-webm-vorbis: bf7c407c2cedff20999df2af8eb42d56 -> 
