Using pre-set license
Built from '2020.3/staging' branch; Version is '2020.3.17f1 (a4537701e4ab) revision 10769271'; Using compiler version '192528614'; Build Type 'Release'
OS: 'Windows 10 Home; OS build 18363.1556; Version 1909; 64bit' Language: 'en' Physical Memory: 16239 MB
BatchMode: 1, IsHumanControllingUs: 0, StartBugReporterOnCrash: 0, Is64bit: 1, IsPro: 0

COMMAND LINE ARGUMENTS:
C:\Program Files\Unity\Hub\Editor\2020.3.17f1\Editor\Unity.exe
-adb2
-batchMode
-noUpm
-name
AssetImportWorker0
-projectPath
D:/jwelc/resumes & cover letters/Portfolio Website/Games/Constellation Exploration/Constellation Exploration
-logFile
Logs/AssetImportWorker0.log
-srvPort
51198
Successfully changed project path to: D:/jwelc/resumes & cover letters/Portfolio Website/Games/Constellation Exploration/Constellation Exploration
D:/jwelc/resumes & cover letters/Portfolio Website/Games/Constellation Exploration/Constellation Exploration
Using Asset Import Pipeline V2.
Refreshing native plugins compatible for Editor in 140.85 ms, found 15 plugins.
Preloading 2 native plugins for Editor in 3.73 ms.
Initialize engine version: 2020.3.17f1 (a4537701e4ab)
[Subsystems] Discovering subsystems at path C:/Program Files/Unity/Hub/Editor/2020.3.17f1/Editor/Data/Resources/UnitySubsystems
[Subsystems] Discovering subsystems at path D:/jwelc/resumes & cover letters/Portfolio Website/Games/Constellation Exploration/Constellation Exploration/Assets
GfxDevice: creating device client; threaded=0
Direct3D:
    Version:  Direct3D 11.0 [level 11.1]
    Renderer: NVIDIA GeForce GTX 1070 (ID=0x1be1)
    Vendor:   
    VRAM:     8081 MB
    Driver:   30.0.14.9709
Initialize mono
Mono path[0] = 'C:/Program Files/Unity/Hub/Editor/2020.3.17f1/Editor/Data/Managed'
Mono path[1] = 'C:/Program Files/Unity/Hub/Editor/2020.3.17f1/Editor/Data/MonoBleedingEdge/lib/mono/unityjit'
Mono config path = 'C:/Program Files/Unity/Hub/Editor/2020.3.17f1/Editor/Data/MonoBleedingEdge/etc'
Using monoOptions --debugger-agent=transport=dt_socket,embedding=1,server=y,suspend=n,address=127.0.0.1:56428
Begin MonoManager ReloadAssembly
Registering precompiled unity dll's ...
Register platform support module: C:/Program Files/Unity/Hub/Editor/2020.3.17f1/Editor/Data/PlaybackEngines/WebGLSupport/UnityEditor.WebGL.Extensions.dll
Register platform support module: C:/Program Files/Unity/Hub/Editor/2020.3.17f1/Editor/Data/PlaybackEngines/WindowsStandaloneSupport/UnityEditor.WindowsStandalone.Extensions.dll
Registered in 0.003192 seconds.
Native extension for WindowsStandalone target not found
Native extension for WebGL target not found
Refreshing native plugins compatible for Editor in 143.04 ms, found 15 plugins.
Preloading 2 native plugins for Editor in 0.13 ms.
Mono: successfully reloaded assembly
- Completed reload, in  1.754 seconds
Domain Reload Profiling:
	ReloadAssembly (1755ms)
		BeginReloadAssembly (68ms)
			ExecutionOrderSort (0ms)
			DisableScriptedObjects (0ms)
			BackupInstance (0ms)
			ReleaseScriptingObjects (0ms)
			CreateAndSetChildDomain (1ms)
		EndReloadAssembly (842ms)
			LoadAssemblies (66ms)
			RebuildTransferFunctionScriptingTraits (0ms)
			SetupTypeCache (313ms)
			ReleaseScriptCaches (0ms)
			RebuildScriptCaches (77ms)
			SetupLoadedEditorAssemblies (336ms)
				LogAssemblyErrors (0ms)
				InitializePlatformSupportModulesInManaged (11ms)
				SetLoadedEditorAssemblies (1ms)
				RefreshPlugins (143ms)
				BeforeProcessingInitializeOnLoad (23ms)
				ProcessInitializeOnLoadAttributes (120ms)
				ProcessInitializeOnLoadMethodAttributes (37ms)
				AfterProcessingInitializeOnLoad (0ms)
				EditorAssembliesLoaded (0ms)
			ExecutionOrderSort2 (0ms)
			AwakeInstancesAfterBackupRestoration (0ms)
Platform modules already initialized, skipping
Registering precompiled user dll's ...
Registered in 0.008456 seconds.
Begin MonoManager ReloadAssembly
Native extension for WindowsStandalone target not found
Native extension for WebGL target not found
Refreshing native plugins compatible for Editor in 169.30 ms, found 15 plugins.
Preloading 2 native plugins for Editor in 0.14 ms.
[XR] OculusXRPlugin: registering subsystems
[XR] Unable to register display lifecyle provider: [1]
[XR] Oculus Input lifecycle provider registered.
[XR] Unable to register input lifecyle provider: [1]
System.Reflection.TargetInvocationException: Exception has been thrown by the target of an invocation. ---> System.NullReferenceException: Object reference not set to an instance of an object
  at Unity.XR.Oculus.OculusLoader.AssetPathToAbsolutePath (System.String assetPath) [0x00048] in D:\jwelc\resumes & cover letters\Portfolio Website\Games\Constellation Exploration\Constellation Exploration\Library\PackageCache\com.unity.xr.oculus@1.10.0\Runtime\OculusLoader.cs:250 
  at Unity.XR.Oculus.OculusLoader.EditorLoadOVRPlugin () [0x0007b] in D:\jwelc\resumes & cover letters\Portfolio Website\Games\Constellation Exploration\Constellation Exploration\Library\PackageCache\com.unity.xr.oculus@1.10.0\Runtime\OculusLoader.cs:235 
  at (wrapper managed-to-native) System.Reflection.MonoMethod.InternalInvoke(System.Reflection.MonoMethod,object,object[],System.Exception&)
  at System.Reflection.MonoMethod.Invoke (System.Object obj, System.Reflection.BindingFlags invokeAttr, System.Reflection.Binder binder, System.Object[] parameters, System.Globalization.CultureInfo culture) [0x00032] in <695d1cc93cca45069c528c15c9fdd749>:0 
   --- End of inner exception stack trace ---
  at System.Reflection.MonoMethod.Invoke (System.Object obj, System.Reflection.BindingFlags invokeAttr, System.Reflection.Binder binder, System.Object[] parameters, System.Globalization.CultureInfo culture) [0x00048] in <695d1cc93cca45069c528c15c9fdd749>:0 
  at System.Reflection.MethodBase.Invoke (System.Object obj, System.Object[] parameters) [0x00000] in <695d1cc93cca45069c528c15c9fdd749>:0 
  at UnityEditor.EditorAssemblies.ProcessInitializeOnLoadMethodAttributes () [0x00047] in <d0e4b8c1204147f3935b6e9c8b8565ad>:0 
UnityEngine.StackTraceUtility:ExtractStackTrace ()
UnityEngine.DebugLogHandler:LogFormat (UnityEngine.LogType,UnityEngine.Object,string,object[])
UnityEngine.Logger:Log (UnityEngine.LogType,object)
UnityEngine.Debug:LogError (object)
UnityEditor.EditorAssemblies:ProcessInitializeOnLoadMethodAttributes ()

Mono: successfully reloaded assembly
- Completed reload, in  2.806 seconds
Domain Reload Profiling:
	ReloadAssembly (2807ms)
		BeginReloadAssembly (225ms)
			ExecutionOrderSort (0ms)
			DisableScriptedObjects (7ms)
			BackupInstance (0ms)
			ReleaseScriptingObjects (0ms)
			CreateAndSetChildDomain (28ms)
		EndReloadAssembly (2490ms)
			LoadAssemblies (157ms)
			RebuildTransferFunctionScriptingTraits (0ms)
			SetupTypeCache (648ms)
			ReleaseScriptCaches (1ms)
			RebuildScriptCaches (114ms)
			SetupLoadedEditorAssemblies (1344ms)
				LogAssemblyErrors (0ms)
				InitializePlatformSupportModulesInManaged (13ms)
				SetLoadedEditorAssemblies (1ms)
				RefreshPlugins (170ms)
				BeforeProcessingInitializeOnLoad (233ms)
				ProcessInitializeOnLoadAttributes (881ms)
				ProcessInitializeOnLoadMethodAttributes (38ms)
				AfterProcessingInitializeOnLoad (10ms)
				EditorAssembliesLoaded (0ms)
			ExecutionOrderSort2 (0ms)
			AwakeInstancesAfterBackupRestoration (8ms)
Platform modules already initialized, skipping
========================================================================
Worker process is ready to serve import requests
Launched and connected shader compiler UnityShaderCompiler.exe after 0.12 seconds
Refreshing native plugins compatible for Editor in 1.85 ms, found 15 plugins.
Preloading 2 native plugins for Editor in 0.15 ms.
Unloading 4130 Unused Serialized files (Serialized files now loaded: 0)
System memory in use before: 192.8 MB.
System memory in use after: 193.1 MB.

Unloading 36 unused Assets to reduce memory usage. Loaded Objects now: 4575.
Total: 4.525600 ms (FindLiveObjects: 0.405900 ms CreateObjectMapping: 0.247100 ms MarkObjects: 3.778900 ms  DeleteObjects: 0.092600 ms)

AssetImportParameters requested are different than current active one (requested -> active):
  custom:framework-win-MediaFoundation: 216162199b28c13a410421893ffa2e32 -> 
  custom:video-decoder-ogg-theora: a1e56fd34408186e4bbccfd4996cb3dc -> 
  custom:container-muxer-webm: aa71ff27fc2769a1b78a27578f13a17b -> 
  custom:container-demuxer-webm: 4f35f7cbe854078d1ac9338744f61a02 -> 
  custom:container-demuxer-ogg: 62fdf1f143b41e24485cea50d1cbac27 -> 
  custom:video-encoder-webm-vp8: eb34c28f22e8b96e1ab97ce403110664 -> 
  custom:video-codec-MediaFoundation-h265: 746d11721c4dcdbdad8f713fa42b33f4 -> 
  custom:video-decoder-webm-vp8: 9c59270c3fd7afecdb556c50c9e8de78 -> 
  custom:audio-decoder-ogg-vorbis: bf7c407c2cedff20999df2af8eb42d56 -> 
  custom:audio-encoder-webm-vorbis: bf7c407c2cedff20999df2af8eb42d56 -> 
========================================================================
Received Import Request.
  path: Assets/Scripts/Stars/StarCreator.cs
  artifactKey: Guid(afa7d82fd0cedcf44bac0a5eb57972f2) Importer(815301076,1909f56bfc062723c751e8b465ee728b)
Start importing Assets/Scripts/Stars/StarCreator.cs using Guid(afa7d82fd0cedcf44bac0a5eb57972f2) Importer(815301076,1909f56bfc062723c751e8b465ee728b)  -> (artifact id: 'b2b9c6f0eadc488c4ca7aa1da27ae5b8') in 0.088012 seconds 
  Import took 0.095196 seconds .

========================================================================
Received Import Request.
  Time since last request: 276.003244 seconds.
  path: Assets/Scripts/Stars/StarCreator.cs
  artifactKey: Guid(afa7d82fd0cedcf44bac0a5eb57972f2) Importer(815301076,1909f56bfc062723c751e8b465ee728b)
Start importing Assets/Scripts/Stars/StarCreator.cs using Guid(afa7d82fd0cedcf44bac0a5eb57972f2) Importer(815301076,1909f56bfc062723c751e8b465ee728b)  -> (artifact id: '9691de92b965945cbc3f0ac499139ece') in 0.004509 seconds 
  Import took 0.034889 seconds .

========================================================================
Received Import Request.
  Time since last request: 872.300893 seconds.
  path: Assets/Scripts/Stars/StarCreator.cs
  artifactKey: Guid(afa7d82fd0cedcf44bac0a5eb57972f2) Importer(815301076,1909f56bfc062723c751e8b465ee728b)
Start importing Assets/Scripts/Stars/StarCreator.cs using Guid(afa7d82fd0cedcf44bac0a5eb57972f2) Importer(815301076,1909f56bfc062723c751e8b465ee728b)  -> (artifact id: 'b576445d761180a6d8b68be326a15d16') in 0.003664 seconds 
  Import took 0.025955 seconds .

========================================================================
Received Import Request.
  Time since last request: 145.947796 seconds.
  path: Assets/Scripts/Stars/StarCreator.cs
  artifactKey: Guid(afa7d82fd0cedcf44bac0a5eb57972f2) Importer(815301076,1909f56bfc062723c751e8b465ee728b)
Start importing Assets/Scripts/Stars/StarCreator.cs using Guid(afa7d82fd0cedcf44bac0a5eb57972f2) Importer(815301076,1909f56bfc062723c751e8b465ee728b)  -> (artifact id: '679b8fe05b0b71c8a5c3f1bad452e818') in 0.004282 seconds 
  Import took 0.030450 seconds .

========================================================================
Received Import Request.
  Time since last request: 116.822583 seconds.
  path: Assets/Scripts/Stars/StarCreator.cs
  artifactKey: Guid(afa7d82fd0cedcf44bac0a5eb57972f2) Importer(815301076,1909f56bfc062723c751e8b465ee728b)
Start importing Assets/Scripts/Stars/StarCreator.cs using Guid(afa7d82fd0cedcf44bac0a5eb57972f2) Importer(815301076,1909f56bfc062723c751e8b465ee728b)  -> (artifact id: '64466200b29c11cbad22f791a8532460') in 0.003888 seconds 
  Import took 0.018326 seconds .

========================================================================
Received Import Request.
  Time since last request: 108.946348 seconds.
  path: Assets/Scripts/Stars/StarCreator.cs
  artifactKey: Guid(afa7d82fd0cedcf44bac0a5eb57972f2) Importer(815301076,1909f56bfc062723c751e8b465ee728b)
Start importing Assets/Scripts/Stars/StarCreator.cs using Guid(afa7d82fd0cedcf44bac0a5eb57972f2) Importer(815301076,1909f56bfc062723c751e8b465ee728b)  -> (artifact id: 'ea9bfecd80385c8d93c20039217007ec') in 0.004173 seconds 
  Import took 0.060194 seconds .

========================================================================
Received Import Request.
  Time since last request: 47.505132 seconds.
  path: Assets/Scripts/Stars/StarCreator.cs
  artifactKey: Guid(afa7d82fd0cedcf44bac0a5eb57972f2) Importer(815301076,1909f56bfc062723c751e8b465ee728b)
Start importing Assets/Scripts/Stars/StarCreator.cs using Guid(afa7d82fd0cedcf44bac0a5eb57972f2) Importer(815301076,1909f56bfc062723c751e8b465ee728b)  -> (artifact id: '9ff5288e4113bdb91740dced3983ea6f') in 0.005104 seconds 
  Import took 0.097753 seconds .

========================================================================
Received Import Request.
  Time since last request: 106.285813 seconds.
  path: Assets/Scripts/Stars/StarCreator.cs
  artifactKey: Guid(afa7d82fd0cedcf44bac0a5eb57972f2) Importer(815301076,1909f56bfc062723c751e8b465ee728b)
Start importing Assets/Scripts/Stars/StarCreator.cs using Guid(afa7d82fd0cedcf44bac0a5eb57972f2) Importer(815301076,1909f56bfc062723c751e8b465ee728b)  -> (artifact id: '15456f1cc61136b033f7f1904a410e0c') in 0.014041 seconds 
  Import took 0.024694 seconds .

========================================================================
Received Import Request.
  Time since last request: 124.240911 seconds.
  path: Assets/Scripts/Stars/StarCreator.cs
  artifactKey: Guid(afa7d82fd0cedcf44bac0a5eb57972f2) Importer(815301076,1909f56bfc062723c751e8b465ee728b)
Start importing Assets/Scripts/Stars/StarCreator.cs using Guid(afa7d82fd0cedcf44bac0a5eb57972f2) Importer(815301076,1909f56bfc062723c751e8b465ee728b)  -> (artifact id: '32774d5537fc489f72babd10d0e2ee83') in 0.004581 seconds 
  Import took 0.025044 seconds .

========================================================================
Received Import Request.
  Time since last request: 101.360555 seconds.
  path: Assets/Scripts/Stars/StarCreator.cs
  artifactKey: Guid(afa7d82fd0cedcf44bac0a5eb57972f2) Importer(815301076,1909f56bfc062723c751e8b465ee728b)
Start importing Assets/Scripts/Stars/StarCreator.cs using Guid(afa7d82fd0cedcf44bac0a5eb57972f2) Importer(815301076,1909f56bfc062723c751e8b465ee728b)  -> (artifact id: 'd054ad4b5898007272a687dcdd305993') in 0.004277 seconds 
  Import took 0.051233 seconds .

========================================================================
Received Import Request.
  Time since last request: 288.482785 seconds.
  path: Assets/Scripts/Stars/StarCreator.cs
  artifactKey: Guid(afa7d82fd0cedcf44bac0a5eb57972f2) Importer(815301076,1909f56bfc062723c751e8b465ee728b)
Start importing Assets/Scripts/Stars/StarCreator.cs using Guid(afa7d82fd0cedcf44bac0a5eb57972f2) Importer(815301076,1909f56bfc062723c751e8b465ee728b)  -> (artifact id: 'f62bbada0afe4fbd5b7b47e0ddf6b1d0') in 0.005019 seconds 
  Import took 0.144863 seconds .

========================================================================
Received Import Request.
  Time since last request: 1.244312 seconds.
  path: Assets/Scripts/Stars/StarCreator.cs
  artifactKey: Guid(afa7d82fd0cedcf44bac0a5eb57972f2) Importer(815301076,1909f56bfc062723c751e8b465ee728b)
Start importing Assets/Scripts/Stars/StarCreator.cs using Guid(afa7d82fd0cedcf44bac0a5eb57972f2) Importer(815301076,1909f56bfc062723c751e8b465ee728b)  -> (artifact id: 'd692b9d56bab355ea0473c08d737d9e5') in 0.004902 seconds 
  Import took 0.041039 seconds .

========================================================================
Received Import Request.
  Time since last request: 21.877206 seconds.
  path: Assets/Scripts/Stars/StarCreator.cs
  artifactKey: Guid(afa7d82fd0cedcf44bac0a5eb57972f2) Importer(815301076,1909f56bfc062723c751e8b465ee728b)
Start importing Assets/Scripts/Stars/StarCreator.cs using Guid(afa7d82fd0cedcf44bac0a5eb57972f2) Importer(815301076,1909f56bfc062723c751e8b465ee728b)  -> (artifact id: '94beae2342dbd038f61884f96deee125') in 0.003562 seconds 
  Import took 0.034557 seconds .

========================================================================
Received Import Request.
  Time since last request: 203.959503 seconds.
  path: Assets/Scripts/Stars/StarCreator.cs
  artifactKey: Guid(afa7d82fd0cedcf44bac0a5eb57972f2) Importer(815301076,1909f56bfc062723c751e8b465ee728b)
Start importing Assets/Scripts/Stars/StarCreator.cs using Guid(afa7d82fd0cedcf44bac0a5eb57972f2) Importer(815301076,1909f56bfc062723c751e8b465ee728b)  -> (artifact id: '4b6480a71bc18dc5e450e9a7173f2a1e') in 0.003879 seconds 
  Import took 0.226301 seconds .

========================================================================
Received Import Request.
  Time since last request: 118.573403 seconds.
  path: Assets/Scripts/Stars/StarCreator.cs
  artifactKey: Guid(afa7d82fd0cedcf44bac0a5eb57972f2) Importer(815301076,1909f56bfc062723c751e8b465ee728b)
Start importing Assets/Scripts/Stars/StarCreator.cs using Guid(afa7d82fd0cedcf44bac0a5eb57972f2) Importer(815301076,1909f56bfc062723c751e8b465ee728b)  -> (artifact id: 'd018b9b6eec0309918b7fb5952a32d68') in 0.004269 seconds 
  Import took 0.011850 seconds .

========================================================================
Received Import Request.
  Time since last request: 392.195741 seconds.
  path: Assets/Scripts/Stars/StarCreator.cs
  artifactKey: Guid(afa7d82fd0cedcf44bac0a5eb57972f2) Importer(815301076,1909f56bfc062723c751e8b465ee728b)
Start importing Assets/Scripts/Stars/StarCreator.cs using Guid(afa7d82fd0cedcf44bac0a5eb57972f2) Importer(815301076,1909f56bfc062723c751e8b465ee728b)  -> (artifact id: '89471a9d0447cc0e5366beb7c759b9a8') in 0.002890 seconds 
  Import took 0.116752 seconds .

========================================================================
Received Import Request.
  Time since last request: 95.011227 seconds.
  path: Assets/Scripts/Stars/StarCreator.cs
  artifactKey: Guid(afa7d82fd0cedcf44bac0a5eb57972f2) Importer(815301076,1909f56bfc062723c751e8b465ee728b)
Start importing Assets/Scripts/Stars/StarCreator.cs using Guid(afa7d82fd0cedcf44bac0a5eb57972f2) Importer(815301076,1909f56bfc062723c751e8b465ee728b)  -> (artifact id: '8aab19230ee5e10f682a85feee943021') in 0.004412 seconds 
  Import took 0.012301 seconds .

========================================================================
Received Import Request.
  Time since last request: 32.601933 seconds.
  path: Assets/Scripts/Stars/StarCreator.cs
  artifactKey: Guid(afa7d82fd0cedcf44bac0a5eb57972f2) Importer(815301076,1909f56bfc062723c751e8b465ee728b)
Start importing Assets/Scripts/Stars/StarCreator.cs using Guid(afa7d82fd0cedcf44bac0a5eb57972f2) Importer(815301076,1909f56bfc062723c751e8b465ee728b)  -> (artifact id: '4dc21a03023ca90485d8779d328f287d') in 0.003613 seconds 
  Import took 0.245913 seconds .

========================================================================
Received Import Request.
  Time since last request: 26.487835 seconds.
  path: Assets/Scripts/Stars/StarCreator.cs
  artifactKey: Guid(afa7d82fd0cedcf44bac0a5eb57972f2) Importer(815301076,1909f56bfc062723c751e8b465ee728b)
Start importing Assets/Scripts/Stars/StarCreator.cs using Guid(afa7d82fd0cedcf44bac0a5eb57972f2) Importer(815301076,1909f56bfc062723c751e8b465ee728b)  -> (artifact id: 'b11850ef0885972c2e351147efdc759e') in 0.004235 seconds 
  Import took 0.025837 seconds .

========================================================================
Received Import Request.
  Time since last request: 77.112467 seconds.
  path: Assets/Scripts/Stars/StarCreator.cs
  artifactKey: Guid(afa7d82fd0cedcf44bac0a5eb57972f2) Importer(815301076,1909f56bfc062723c751e8b465ee728b)
Start importing Assets/Scripts/Stars/StarCreator.cs using Guid(afa7d82fd0cedcf44bac0a5eb57972f2) Importer(815301076,1909f56bfc062723c751e8b465ee728b)  -> (artifact id: '59e9559f029139def76a1f292b8941b1') in 0.003625 seconds 
  Import took 0.010462 seconds .

========================================================================
Received Prepare
Registering precompiled user dll's ...
Registered in 1.527692 seconds.
Begin MonoManager ReloadAssembly
Native extension for WindowsStandalone target not found
Native extension for WebGL target not found
Refreshing native plugins compatible for Editor in 1.07 ms, found 15 plugins.
Preloading 2 native plugins for Editor in 0.10 ms.
System.Reflection.TargetInvocationException: Exception has been thrown by the target of an invocation. ---> System.NullReferenceException: Object reference not set to an instance of an object
  at Unity.XR.Oculus.OculusLoader.AssetPathToAbsolutePath (System.String assetPath) [0x00048] in D:\jwelc\resumes & cover letters\Portfolio Website\Games\Constellation Exploration\Constellation Exploration\Library\PackageCache\com.unity.xr.oculus@1.10.0\Runtime\OculusLoader.cs:250 
  at Unity.XR.Oculus.OculusLoader.EditorLoadOVRPlugin () [0x0007b] in D:\jwelc\resumes & cover letters\Portfolio Website\Games\Constellation Exploration\Constellation Exploration\Library\PackageCache\com.unity.xr.oculus@1.10.0\Runtime\OculusLoader.cs:235 
  at (wrapper managed-to-native) System.Reflection.MonoMethod.InternalInvoke(System.Reflection.MonoMethod,object,object[],System.Exception&)
  at System.Reflection.MonoMethod.Invoke (System.Object obj, System.Reflection.BindingFlags invokeAttr, System.Reflection.Binder binder, System.Object[] parameters, System.Globalization.CultureInfo culture) [0x00032] in <695d1cc93cca45069c528c15c9fdd749>:0 
   --- End of inner exception stack trace ---
  at System.Reflection.MonoMethod.Invoke (System.Object obj, System.Reflection.BindingFlags invokeAttr, System.Reflection.Binder binder, System.Object[] parameters, System.Globalization.CultureInfo culture) [0x00048] in <695d1cc93cca45069c528c15c9fdd749>:0 
  at System.Reflection.MethodBase.Invoke (System.Object obj, System.Object[] parameters) [0x00000] in <695d1cc93cca45069c528c15c9fdd749>:0 
  at UnityEditor.EditorAssemblies.ProcessInitializeOnLoadMethodAttributes () [0x00047] in <d0e4b8c1204147f3935b6e9c8b8565ad>:0 
UnityEngine.StackTraceUtility:ExtractStackTrace ()
UnityEngine.DebugLogHandler:LogFormat (UnityEngine.LogType,UnityEngine.Object,string,object[])
UnityEngine.Logger:Log (UnityEngine.LogType,object)
UnityEngine.Debug:LogError (object)
UnityEditor.EditorAssemblies:ProcessInitializeOnLoadMethodAttributes ()

Mono: successfully reloaded assembly
- Completed reload, in  1.427 seconds
Domain Reload Profiling:
	ReloadAssembly (1428ms)
		BeginReloadAssembly (153ms)
			ExecutionOrderSort (0ms)
			DisableScriptedObjects (8ms)
			BackupInstance (0ms)
			ReleaseScriptingObjects (0ms)
			CreateAndSetChildDomain (72ms)
		EndReloadAssembly (1210ms)
			LoadAssemblies (98ms)
			RebuildTransferFunctionScriptingTraits (0ms)
			SetupTypeCache (353ms)
			ReleaseScriptCaches (1ms)
			RebuildScriptCaches (49ms)
			SetupLoadedEditorAssemblies (556ms)
				LogAssemblyErrors (0ms)
				InitializePlatformSupportModulesInManaged (5ms)
				SetLoadedEditorAssemblies (0ms)
				RefreshPlugins (1ms)
				BeforeProcessingInitializeOnLoad (104ms)
				ProcessInitializeOnLoadAttributes (425ms)
				ProcessInitializeOnLoadMethodAttributes (13ms)
				AfterProcessingInitializeOnLoad (7ms)
				EditorAssembliesLoaded (0ms)
			ExecutionOrderSort2 (0ms)
			AwakeInstancesAfterBackupRestoration (13ms)
Platform modules already initialized, skipping
Refreshing native plugins compatible for Editor in 1.19 ms, found 15 plugins.
Preloading 2 native plugins for Editor in 0.12 ms.
Unloading 3940 Unused Serialized files (Serialized files now loaded: 0)
System memory in use before: 180.0 MB.
System memory in use after: 180.3 MB.

Unloading 27 unused Assets to reduce memory usage. Loaded Objects now: 4578.
Total: 4.183400 ms (FindLiveObjects: 0.377600 ms CreateObjectMapping: 0.224600 ms MarkObjects: 3.550000 ms  DeleteObjects: 0.030200 ms)

AssetImportParameters requested are different than current active one (requested -> active):
  custom:framework-win-MediaFoundation: 216162199b28c13a410421893ffa2e32 -> 
  custom:video-decoder-ogg-theora: a1e56fd34408186e4bbccfd4996cb3dc -> 
  custom:container-muxer-webm: aa71ff27fc2769a1b78a27578f13a17b -> 
  custom:container-demuxer-webm: 4f35f7cbe854078d1ac9338744f61a02 -> 
  custom:container-demuxer-ogg: 62fdf1f143b41e24485cea50d1cbac27 -> 
  custom:video-encoder-webm-vp8: eb34c28f22e8b96e1ab97ce403110664 -> 
  custom:video-codec-MediaFoundation-h265: 746d11721c4dcdbdad8f713fa42b33f4 -> 
  custom:video-decoder-webm-vp8: 9c59270c3fd7afecdb556c50c9e8de78 -> 
  custom:audio-decoder-ogg-vorbis: bf7c407c2cedff20999df2af8eb42d56 -> 
  custom:audio-encoder-webm-vorbis: bf7c407c2cedff20999df2af8eb42d56 -> 
